2018_07_23_05_35_21_1532304321
[master 3bd0ac2] 2018_07_23_05_35_21_1532304321
 1 file changed, 1 insertion(+), 1 deletion(-)
To https://github.com/sri17ram/VM_DATA_BACKUP.git
   1ef52a9..3bd0ac2  master -> master
2018_07_23_05_35_26_1532304326
***************************************************************************
2018_07_23_06_00_01_1532305801
[master 7afb4fe] 2018_07_23_06_00_01_1532305801
 1 file changed, 7 insertions(+)
To https://github.com/sri17ram/VM_DATA_BACKUP.git
   3bd0ac2..7afb4fe  master -> master
2018_07_23_06_00_08_1532305808
***************************************************************************
2018_07_27_15_00_01_1532683801
[master 8b5ca5d] 2018_07_27_15_00_01_1532683801
 1 file changed, 7 insertions(+)
To https://github.com/sri17ram/VM_DATA_BACKUP.git
   7afb4fe..8b5ca5d  master -> master
2018_07_27_15_00_10_1532683810
***************************************************************************
2018_07_27_16_00_01_1532687401
[master 8183e3e] 2018_07_27_16_00_01_1532687401
 1 file changed, 7 insertions(+)
To https://github.com/sri17ram/VM_DATA_BACKUP.git
   8b5ca5d..8183e3e  master -> master
2018_07_27_16_00_05_1532687405
***************************************************************************
2018_07_27_17_00_01_1532691001
[master 099ff92] 2018_07_27_17_00_01_1532691001
 1 file changed, 7 insertions(+)
To https://github.com/sri17ram/VM_DATA_BACKUP.git
   8183e3e..099ff92  master -> master
2018_07_27_17_00_05_1532691005
***************************************************************************
2018_07_27_18_00_01_1532694601
[master 55cfd02] 2018_07_27_18_00_01_1532694601
 2 files changed, 2 insertions(+)
 create mode 100644 .gitignore
To https://github.com/sri17ram/VM_DATA_BACKUP.git
   dc01948..55cfd02  master -> master
2018_07_27_18_00_05_1532694605
***************************************************************************
2018_07_27_19_00_01_1532698201
