[I 20:25:32.609 NotebookApp] Serving notebooks from local directory: /home/tools/VM_DATA_BACKUP/NSE/NSEpy
[I 20:25:32.609 NotebookApp] The Jupyter Notebook is running at:
[I 20:25:32.609 NotebookApp] http://(Aprendizaje or 127.0.0.1):8888/?token=745383721e52895b8be47655fcef0a24ca84179b13525be1
[I 20:25:32.610 NotebookApp] Use Control-C to stop this server and shut down all kernels (twice to skip confirmation).
[W 20:25:32.610 NotebookApp] No web browser found: could not locate runnable browser.
[C 20:25:32.611 NotebookApp] 
    
    Copy/paste this URL into your browser when you connect for the first time,
    to login with a token:
        http://(Aprendizaje or 127.0.0.1):8888/?token=745383721e52895b8be47655fcef0a24ca84179b13525be1
[I 20:25:50.583 NotebookApp] Creating new notebook in 
[I 20:25:52.411 NotebookApp] Kernel started: d43e5d3d-19b1-472f-b17d-598a202e8f8e
[I 20:25:53.590 NotebookApp] Adapting to protocol v5.1 for kernel d43e5d3d-19b1-472f-b17d-598a202e8f8e
[I 20:27:52.374 NotebookApp] Saving file at /Untitled1.ipynb
[I 20:29:52.369 NotebookApp] Saving file at /Untitled1.ipynb
[I 20:31:52.397 NotebookApp] Saving file at /Untitled1.ipynb
[I 20:33:52.385 NotebookApp] Saving file at /Untitled1.ipynb
[I 20:35:52.354 NotebookApp] Saving file at /Untitled1.ipynb
[I 22:08:09.925 NotebookApp] Saving file at /NSE_DATA_SCIENCE.ipynb
[I 22:10:10.006 NotebookApp] Saving file at /NSE_DATA_SCIENCE.ipynb
[I 22:11:14.738 NotebookApp] Saving file at /NSE_DATA_SCIENCE.ipynb
[I 22:14:09.872 NotebookApp] Saving file at /NSE_DATA_SCIENCE.ipynb
[I 22:16:10.094 NotebookApp] Saving file at /NSE_DATA_SCIENCE.ipynb
[I 22:18:09.987 NotebookApp] Saving file at /NSE_DATA_SCIENCE.ipynb
[I 22:22:09.978 NotebookApp] Saving file at /NSE_DATA_SCIENCE.ipynb
[I 22:24:10.355 NotebookApp] Saving file at /NSE_DATA_SCIENCE.ipynb
[I 22:26:09.967 NotebookApp] Saving file at /NSE_DATA_SCIENCE.ipynb
[I 22:28:09.963 NotebookApp] Saving file at /NSE_DATA_SCIENCE.ipynb
[I 22:30:09.984 NotebookApp] Saving file at /NSE_DATA_SCIENCE.ipynb
[I 22:32:09.985 NotebookApp] Saving file at /NSE_DATA_SCIENCE.ipynb
[I 22:34:09.994 NotebookApp] Saving file at /NSE_DATA_SCIENCE.ipynb
[I 22:36:10.382 NotebookApp] Saving file at /NSE_DATA_SCIENCE.ipynb
[I 23:01:31.421 NotebookApp] Saving file at /NSE_DATA_SCIENCE.ipynb
[I 23:03:31.412 NotebookApp] Saving file at /NSE_DATA_SCIENCE.ipynb
[I 23:05:31.788 NotebookApp] Saving file at /NSE_DATA_SCIENCE.ipynb
[I 23:20:09.939 NotebookApp] Saving file at /NSE_DATA_SCIENCE.ipynb
[I 23:22:09.746 NotebookApp] Saving file at /NSE_DATA_SCIENCE.ipynb
[I 23:24:10.117 NotebookApp] Saving file at /NSE_DATA_SCIENCE.ipynb
[I 23:26:09.943 NotebookApp] Saving file at /NSE_DATA_SCIENCE.ipynb
[I 23:28:10.307 NotebookApp] Saving file at /NSE_DATA_SCIENCE.ipynb
[I 00:30:10.313 NotebookApp] Saving file at /NSE_DATA_SCIENCE.ipynb
[I 01:38:09.924 NotebookApp] Saving file at /NSE_DATA_SCIENCE.ipynb
[I 01:40:09.909 NotebookApp] Saving file at /NSE_DATA_SCIENCE.ipynb
[I 01:40:13.326 NotebookApp] Saving file at /NSE_DATA_SCIENCE.ipynb
[I 01:42:09.904 NotebookApp] Saving file at /NSE_DATA_SCIENCE.ipynb
[I 01:44:10.286 NotebookApp] Saving file at /NSE_DATA_SCIENCE.ipynb
[I 01:46:09.894 NotebookApp] Saving file at /NSE_DATA_SCIENCE.ipynb
[I 01:48:09.069 NotebookApp] Creating new notebook in 
[I 01:48:10.120 NotebookApp] Kernel started: ae361666-d898-4dcb-a232-19a97d9a04f8
[I 01:48:10.274 NotebookApp] Saving file at /NSE_DATA_SCIENCE.ipynb
[I 01:48:11.025 NotebookApp] Adapting to protocol v5.1 for kernel ae361666-d898-4dcb-a232-19a97d9a04f8
[I 01:50:10.272 NotebookApp] Saving file at /All-Time  Low.ipynb
[I 01:52:10.105 NotebookApp] Saving file at /All-Time  Low.ipynb
[I 01:52:22.113 NotebookApp] KernelRestarter: restarting kernel (1/5), keep random ports
WARNING:root:kernel ae361666-d898-4dcb-a232-19a97d9a04f8 restarted
[I 01:52:31.160 NotebookApp] KernelRestarter: restarting kernel (1/5), keep random ports
WARNING:root:kernel ae361666-d898-4dcb-a232-19a97d9a04f8 restarted
[I 01:52:43.173 NotebookApp] KernelRestarter: restarting kernel (1/5), keep random ports
WARNING:root:kernel ae361666-d898-4dcb-a232-19a97d9a04f8 restarted
[I 01:54:10.116 NotebookApp] Saving file at /All-Time  Low.ipynb
[I 01:56:10.289 NotebookApp] Saving file at /All-Time  Low.ipynb
[I 01:58:10.112 NotebookApp] Saving file at /All-Time  Low.ipynb
